mode: atomic
github.com/phantom820/streams/streams/streams.go:55.38,61.2 5 22
github.com/phantom820/streams/streams/streams.go:64.44,66.2 1 83
github.com/phantom820/streams/streams/streams.go:69.57,71.2 1 200
github.com/phantom820/streams/streams/streams.go:74.52,75.32 1 12
github.com/phantom820/streams/streams/streams.go:76.2,80.34 2 12
github.com/phantom820/streams/streams/streams.go:83.2,83.15 1 12
github.com/phantom820/streams/streams/streams.go:75.32,75.56 1 92
github.com/phantom820/streams/streams/streams.go:75.70,75.97 1 102
github.com/phantom820/streams/streams/streams.go:80.34,80.65 1 102
github.com/phantom820/streams/streams/streams.go:105.91,112.34 4 9
github.com/phantom820/streams/streams/streams.go:115.2,115.15 1 9
github.com/phantom820/streams/streams/streams.go:112.34,112.64 1 71
github.com/phantom820/streams/streams/streams.go:120.47,126.34 3 3
github.com/phantom820/streams/streams/streams.go:129.2,129.16 1 3
github.com/phantom820/streams/streams/streams.go:126.34,126.64 1 16
github.com/phantom820/streams/streams/streams.go:134.80,135.30 1 4
github.com/phantom820/streams/streams/streams.go:138.2,139.40 1 3
github.com/phantom820/streams/streams/streams.go:151.2,151.19 1 3
github.com/phantom820/streams/streams/streams.go:135.30,136.31 1 1
github.com/phantom820/streams/streams/streams.go:139.40,141.11 2 47
github.com/phantom820/streams/streams/streams.go:145.4,145.25 1 20
github.com/phantom820/streams/streams/streams.go:141.11,144.5 2 27
github.com/phantom820/streams/streams/streams.go:155.66,156.30 1 4
github.com/phantom820/streams/streams/streams.go:159.2,160.30 1 3
github.com/phantom820/streams/streams/streams.go:175.2,175.19 1 3
github.com/phantom820/streams/streams/streams.go:156.30,157.31 1 1
github.com/phantom820/streams/streams/streams.go:160.30,162.11 2 47
github.com/phantom820/streams/streams/streams.go:169.4,169.24 1 18
github.com/phantom820/streams/streams/streams.go:162.11,165.5 2 10
github.com/phantom820/streams/streams/streams.go:165.10,165.26 1 37
github.com/phantom820/streams/streams/streams.go:165.26,168.5 2 19
github.com/phantom820/streams/streams/streams.go:179.58,180.30 1 6
github.com/phantom820/streams/streams/streams.go:185.2,187.30 2 4
github.com/phantom820/streams/streams/streams.go:208.2,208.19 1 4
github.com/phantom820/streams/streams/streams.go:180.30,181.31 1 1
github.com/phantom820/streams/streams/streams.go:182.8,182.22 1 5
github.com/phantom820/streams/streams/streams.go:182.22,183.56 1 1
github.com/phantom820/streams/streams/streams.go:187.30,189.11 2 53
github.com/phantom820/streams/streams/streams.go:189.11,191.5 1 27
github.com/phantom820/streams/streams/streams.go:191.10,192.18 1 26
github.com/phantom820/streams/streams/streams.go:196.5,196.26 1 0
github.com/phantom820/streams/streams/streams.go:192.18,195.6 2 26
github.com/phantom820/streams/streams/streams.go:199.26,200.45 1 57
github.com/phantom820/streams/streams/streams.go:203.4,203.16 1 53
github.com/phantom820/streams/streams/streams.go:200.45,202.5 1 4
github.com/phantom820/streams/streams/streams.go:212.56,213.30 1 4
github.com/phantom820/streams/streams/streams.go:218.2,220.30 2 2
github.com/phantom820/streams/streams/streams.go:236.2,236.19 1 2
github.com/phantom820/streams/streams/streams.go:213.30,214.31 1 1
github.com/phantom820/streams/streams/streams.go:215.8,215.21 1 3
github.com/phantom820/streams/streams/streams.go:215.21,216.54 1 1
github.com/phantom820/streams/streams/streams.go:220.30,222.11 2 31
github.com/phantom820/streams/streams/streams.go:222.11,224.5 1 0
github.com/phantom820/streams/streams/streams.go:224.10,225.23 1 31
github.com/phantom820/streams/streams/streams.go:229.5,229.25 1 19
github.com/phantom820/streams/streams/streams.go:225.23,228.6 2 12
github.com/phantom820/streams/streams/streams.go:247.47,249.2 1 6
github.com/phantom820/streams/streams/streams.go:252.36,254.2 1 24
github.com/phantom820/streams/streams/streams.go:257.100,258.30 1 2
github.com/phantom820/streams/streams/streams.go:261.2,263.30 2 1
github.com/phantom820/streams/streams/streams.go:278.2,278.19 1 1
github.com/phantom820/streams/streams/streams.go:258.30,259.31 1 1
github.com/phantom820/streams/streams/streams.go:263.30,265.11 2 12
github.com/phantom820/streams/streams/streams.go:271.4,272.21 2 6
github.com/phantom820/streams/streams/streams.go:265.11,267.5 1 0
github.com/phantom820/streams/streams/streams.go:267.10,267.88 1 12
github.com/phantom820/streams/streams/streams.go:267.88,270.5 2 6
github.com/phantom820/streams/streams/streams.go:282.53,283.25 1 18
github.com/phantom820/streams/streams/streams.go:286.2,288.26 3 17
github.com/phantom820/streams/streams/streams.go:283.25,284.31 1 1
github.com/phantom820/streams/streams/streams.go:288.26,290.9 2 109
github.com/phantom820/streams/streams/streams.go:290.9,292.4 1 99
github.com/phantom820/streams/streams/streams.go:297.38,298.25 1 2
github.com/phantom820/streams/streams/streams.go:301.2,304.26 4 1
github.com/phantom820/streams/streams/streams.go:310.2,310.14 1 1
github.com/phantom820/streams/streams/streams.go:298.25,299.31 1 1
github.com/phantom820/streams/streams/streams.go:304.26,306.9 2 6
github.com/phantom820/streams/streams/streams.go:306.9,308.4 1 6
github.com/phantom820/streams/streams/streams.go:315.81,316.25 1 5
github.com/phantom820/streams/streams/streams.go:319.2,323.26 5 4
github.com/phantom820/streams/streams/streams.go:345.2,345.15 1 4
github.com/phantom820/streams/streams/streams.go:350.2,350.16 1 3
github.com/phantom820/streams/streams/streams.go:316.25,317.31 1 1
github.com/phantom820/streams/streams/streams.go:323.26,325.9 2 52
github.com/phantom820/streams/streams/streams.go:325.9,326.17 1 25
github.com/phantom820/streams/streams/streams.go:341.4,341.11 1 25
github.com/phantom820/streams/streams/streams.go:327.11,329.10 2 4
github.com/phantom820/streams/streams/streams.go:330.11,333.10 3 3
github.com/phantom820/streams/streams/streams.go:334.11,336.10 2 3
github.com/phantom820/streams/streams/streams.go:337.12,339.10 2 15
github.com/phantom820/streams/streams/streams.go:345.15,348.3 2 1
github.com/phantom820/streams/streams/streams.go:354.43,356.27 2 10
github.com/phantom820/streams/streams/streams.go:359.2,359.14 1 10
github.com/phantom820/streams/streams/streams.go:356.27,358.3 1 55
github.com/phantom820/streams/streams/streams.go:363.67,365.27 2 4
github.com/phantom820/streams/streams/streams.go:368.2,368.13 1 4
github.com/phantom820/streams/streams/streams.go:365.27,367.3 1 26
github.com/phantom820/streams/streams/streams.go:372.75,374.27 2 1
github.com/phantom820/streams/streams/streams.go:377.2,377.12 1 1
github.com/phantom820/streams/streams/streams.go:374.27,376.3 1 6
github.com/phantom820/streams/streams/streams.go:381.77,383.27 2 1
github.com/phantom820/streams/streams/streams.go:386.2,386.12 1 1
github.com/phantom820/streams/streams/streams.go:383.27,385.3 1 6
github.com/phantom820/streams/streams/errors.go:28.29,30.2 1 10
github.com/phantom820/streams/streams/errors.go:33.34,35.2 1 0
github.com/phantom820/streams/streams/errors.go:38.34,42.2 3 8
github.com/phantom820/streams/streams/errors.go:45.59,49.2 3 2
github.com/phantom820/streams/streams/mocks.go:8.44,12.2 3 41
github.com/phantom820/streams/streams/mocks.go:14.48,15.34 1 48
github.com/phantom820/streams/streams/mocks.go:18.2,18.14 1 6
github.com/phantom820/streams/streams/mocks.go:15.34,17.3 1 42
github.com/phantom820/streams/streams/mocks.go:25.46,29.2 3 51
github.com/phantom820/streams/streams/mocks.go:31.50,33.2 1 54
github.com/phantom820/streams/streams/pipeline.go:4.63,5.26 1 24
github.com/phantom820/streams/streams/pipeline.go:5.26,7.3 1 167
github.com/phantom820/streams/streams/sources.go:18.70,20.2 1 0
github.com/phantom820/streams/streams/sources.go:23.70,25.2 1 21
github.com/phantom820/streams/streams/sources.go:28.57,32.25 4 3
github.com/phantom820/streams/streams/sources.go:42.2,42.19 1 3
github.com/phantom820/streams/streams/sources.go:50.2,51.16 2 3
github.com/phantom820/streams/streams/sources.go:32.25,33.19 1 29
github.com/phantom820/streams/streams/sources.go:37.3,37.36 1 29
github.com/phantom820/streams/streams/sources.go:40.3,40.14 1 26
github.com/phantom820/streams/streams/sources.go:33.19,36.4 2 3
github.com/phantom820/streams/streams/sources.go:37.36,39.4 1 3
github.com/phantom820/streams/streams/sources.go:42.19,43.17 1 13
github.com/phantom820/streams/streams/sources.go:46.3,48.17 3 13
github.com/phantom820/streams/streams/sources.go:43.17,44.36 1 0
