mode: atomic
github.com/phantom820/streams/sources/sources.go:23.49,25.23 2 6
github.com/phantom820/streams/sources/sources.go:28.2,28.13 1 6
github.com/phantom820/streams/sources/sources.go:25.23,27.3 1 2020
github.com/phantom820/streams/sources/sources.go:32.71,34.2 1 1
github.com/phantom820/streams/sources/sources.go:44.69,48.51 4 3
github.com/phantom820/streams/sources/sources.go:58.2,59.21 2 3
github.com/phantom820/streams/sources/sources.go:48.51,50.35 2 13
github.com/phantom820/streams/sources/sources.go:55.3,55.43 1 13
github.com/phantom820/streams/sources/sources.go:56.3,56.36 1 13
github.com/phantom820/streams/sources/sources.go:50.35,52.4 1 3
github.com/phantom820/streams/sources/sources.go:52.9,54.4 1 10
github.com/phantom820/streams/sources/sources.go:55.43,55.63 1 3
github.com/phantom820/streams/sources/sources.go:63.68,64.41 1 4
github.com/phantom820/streams/sources/sources.go:68.2,68.37 1 3
github.com/phantom820/streams/sources/sources.go:64.41,66.25 2 1
github.com/phantom820/streams/sources/sources.go:72.58,74.2 1 2
github.com/phantom820/streams/sources/sources.go:83.41,85.2 1 13
github.com/phantom820/streams/sources/sources.go:88.35,90.2 1 10
github.com/phantom820/streams/sources/sources.go:93.69,95.2 1 0
github.com/phantom820/streams/sources/sources.go:98.56,102.25 4 13
github.com/phantom820/streams/sources/sources.go:112.2,112.19 1 13
github.com/phantom820/streams/sources/sources.go:120.2,121.16 2 13
github.com/phantom820/streams/sources/sources.go:102.25,103.19 1 23
github.com/phantom820/streams/sources/sources.go:107.3,107.36 1 23
github.com/phantom820/streams/sources/sources.go:110.3,110.14 1 20
github.com/phantom820/streams/sources/sources.go:103.19,106.4 2 3
github.com/phantom820/streams/sources/sources.go:107.36,109.4 1 3
github.com/phantom820/streams/sources/sources.go:112.19,113.17 1 10
github.com/phantom820/streams/sources/sources.go:116.3,118.17 3 10
github.com/phantom820/streams/sources/sources.go:113.17,114.41 1 0
github.com/phantom820/streams/streams/errors.go:32.29,34.2 1 25
github.com/phantom820/streams/streams/errors.go:37.34,39.2 1 0
github.com/phantom820/streams/streams/errors.go:42.34,46.2 3 17
github.com/phantom820/streams/streams/errors.go:49.30,53.2 3 2
github.com/phantom820/streams/streams/errors.go:56.59,60.2 3 3
github.com/phantom820/streams/streams/errors.go:63.54,67.2 3 3
github.com/phantom820/streams/streams/pipeline.go:6.70,7.26 1 33
github.com/phantom820/streams/streams/pipeline.go:7.26,9.3 1 211
github.com/phantom820/streams/streams/pipeline.go:14.94,15.31 1 1025
github.com/phantom820/streams/streams/pipeline.go:15.31,17.3 1 54520
github.com/phantom820/streams/streams/sequential_stream.go:24.38,29.2 4 28
github.com/phantom820/streams/streams/sequential_stream.go:32.44,34.2 1 3
github.com/phantom820/streams/streams/sequential_stream.go:37.34,39.2 1 24
github.com/phantom820/streams/streams/sequential_stream.go:42.40,44.2 1 74
github.com/phantom820/streams/streams/sequential_stream.go:47.44,49.2 1 91
github.com/phantom820/streams/streams/sequential_stream.go:52.49,53.25 1 62
github.com/phantom820/streams/streams/sequential_stream.go:60.2,60.18 1 53
github.com/phantom820/streams/streams/sequential_stream.go:53.25,56.3 2 8
github.com/phantom820/streams/streams/sequential_stream.go:56.8,56.28 1 54
github.com/phantom820/streams/streams/sequential_stream.go:56.28,59.3 2 1
github.com/phantom820/streams/streams/sequential_stream.go:64.57,66.2 1 142
github.com/phantom820/streams/streams/sequential_stream.go:69.60,72.27 1 19
github.com/phantom820/streams/streams/sequential_stream.go:75.2,75.15 1 19
github.com/phantom820/streams/streams/sequential_stream.go:72.27,72.57 1 145
github.com/phantom820/streams/streams/sequential_stream.go:80.91,86.27 3 10
github.com/phantom820/streams/streams/sequential_stream.go:89.2,89.15 1 10
github.com/phantom820/streams/streams/sequential_stream.go:86.27,86.57 1 78
github.com/phantom820/streams/streams/sequential_stream.go:94.47,98.27 2 4
github.com/phantom820/streams/streams/sequential_stream.go:101.2,101.16 1 4
github.com/phantom820/streams/streams/sequential_stream.go:98.27,98.57 1 16
github.com/phantom820/streams/streams/sequential_stream.go:106.80,107.41 1 5
github.com/phantom820/streams/streams/sequential_stream.go:110.2,112.40 2 3
github.com/phantom820/streams/streams/sequential_stream.go:123.2,123.19 1 3
github.com/phantom820/streams/streams/sequential_stream.go:107.41,108.13 1 2
github.com/phantom820/streams/streams/sequential_stream.go:112.40,114.11 2 51
github.com/phantom820/streams/streams/sequential_stream.go:118.4,118.25 1 24
github.com/phantom820/streams/streams/sequential_stream.go:114.11,117.5 2 27
github.com/phantom820/streams/streams/sequential_stream.go:127.66,128.41 1 9
github.com/phantom820/streams/streams/sequential_stream.go:131.2,133.30 2 8
github.com/phantom820/streams/streams/sequential_stream.go:147.2,147.19 1 8
github.com/phantom820/streams/streams/sequential_stream.go:128.41,129.13 1 1
github.com/phantom820/streams/streams/sequential_stream.go:133.30,135.11 2 89
github.com/phantom820/streams/streams/sequential_stream.go:142.4,142.24 1 43
github.com/phantom820/streams/streams/sequential_stream.go:135.11,138.5 2 10
github.com/phantom820/streams/streams/sequential_stream.go:138.10,138.26 1 79
github.com/phantom820/streams/streams/sequential_stream.go:138.26,141.5 2 36
github.com/phantom820/streams/streams/sequential_stream.go:151.58,152.41 1 8
github.com/phantom820/streams/streams/sequential_stream.go:157.2,160.30 3 6
github.com/phantom820/streams/streams/sequential_stream.go:180.2,180.19 1 6
github.com/phantom820/streams/streams/sequential_stream.go:152.41,153.13 1 1
github.com/phantom820/streams/streams/sequential_stream.go:154.8,154.22 1 7
github.com/phantom820/streams/streams/sequential_stream.go:154.22,155.56 1 1
github.com/phantom820/streams/streams/sequential_stream.go:160.30,162.11 2 63
github.com/phantom820/streams/streams/sequential_stream.go:162.11,164.5 1 29
github.com/phantom820/streams/streams/sequential_stream.go:164.10,165.18 1 34
github.com/phantom820/streams/streams/sequential_stream.go:169.5,169.26 1 0
github.com/phantom820/streams/streams/sequential_stream.go:165.18,168.6 2 34
github.com/phantom820/streams/streams/sequential_stream.go:172.26,173.45 1 69
github.com/phantom820/streams/streams/sequential_stream.go:176.4,176.16 1 63
github.com/phantom820/streams/streams/sequential_stream.go:173.45,175.5 1 6
github.com/phantom820/streams/streams/sequential_stream.go:184.56,185.41 1 5
github.com/phantom820/streams/streams/sequential_stream.go:188.2,191.30 3 4
github.com/phantom820/streams/streams/sequential_stream.go:206.2,206.19 1 4
github.com/phantom820/streams/streams/sequential_stream.go:185.41,186.13 1 1
github.com/phantom820/streams/streams/sequential_stream.go:191.30,193.11 2 40
github.com/phantom820/streams/streams/sequential_stream.go:193.11,195.5 1 1
github.com/phantom820/streams/streams/sequential_stream.go:195.10,196.23 1 39
github.com/phantom820/streams/streams/sequential_stream.go:200.5,200.25 1 25
github.com/phantom820/streams/streams/sequential_stream.go:196.23,199.6 2 14
github.com/phantom820/streams/streams/sequential_stream.go:217.47,219.2 1 28
github.com/phantom820/streams/streams/sequential_stream.go:222.36,224.2 1 118
github.com/phantom820/streams/streams/sequential_stream.go:227.100,228.41 1 4
github.com/phantom820/streams/streams/sequential_stream.go:231.2,234.30 3 3
github.com/phantom820/streams/streams/sequential_stream.go:248.2,248.19 1 3
github.com/phantom820/streams/streams/sequential_stream.go:228.41,229.13 1 1
github.com/phantom820/streams/streams/sequential_stream.go:234.30,236.11 2 30
github.com/phantom820/streams/streams/sequential_stream.go:242.4,243.21 2 15
github.com/phantom820/streams/streams/sequential_stream.go:236.11,238.5 1 1
github.com/phantom820/streams/streams/sequential_stream.go:238.10,238.88 1 29
github.com/phantom820/streams/streams/sequential_stream.go:238.88,241.5 2 14
github.com/phantom820/streams/streams/sequential_stream.go:252.53,253.36 1 17
github.com/phantom820/streams/streams/sequential_stream.go:256.2,258.26 3 16
github.com/phantom820/streams/streams/sequential_stream.go:253.36,254.13 1 1
github.com/phantom820/streams/streams/sequential_stream.go:258.26,260.9 2 115
github.com/phantom820/streams/streams/sequential_stream.go:260.9,262.4 1 92
github.com/phantom820/streams/streams/sequential_stream.go:267.38,268.36 1 7
github.com/phantom820/streams/streams/sequential_stream.go:271.2,274.26 4 6
github.com/phantom820/streams/streams/sequential_stream.go:280.2,280.14 1 6
github.com/phantom820/streams/streams/sequential_stream.go:268.36,269.13 1 1
github.com/phantom820/streams/streams/sequential_stream.go:274.26,276.9 2 43
github.com/phantom820/streams/streams/sequential_stream.go:276.9,278.4 1 29
github.com/phantom820/streams/streams/sequential_stream.go:285.61,286.36 1 7
github.com/phantom820/streams/streams/sequential_stream.go:289.2,293.26 5 6
github.com/phantom820/streams/streams/sequential_stream.go:315.2,315.15 1 6
github.com/phantom820/streams/streams/sequential_stream.go:320.2,320.16 1 5
github.com/phantom820/streams/streams/sequential_stream.go:286.36,287.13 1 1
github.com/phantom820/streams/streams/sequential_stream.go:293.26,295.9 2 53
github.com/phantom820/streams/streams/sequential_stream.go:295.9,296.17 1 26
github.com/phantom820/streams/streams/sequential_stream.go:311.4,311.11 1 26
github.com/phantom820/streams/streams/sequential_stream.go:297.11,299.10 2 5
github.com/phantom820/streams/streams/sequential_stream.go:300.11,303.10 3 3
github.com/phantom820/streams/streams/sequential_stream.go:304.11,306.10 2 3
github.com/phantom820/streams/streams/sequential_stream.go:307.12,309.10 2 15
github.com/phantom820/streams/streams/sequential_stream.go:315.15,318.3 2 1
github.com/phantom820/streams/streams/sequential_stream.go:324.40,326.33 2 15
github.com/phantom820/streams/streams/sequential_stream.go:329.2,329.14 1 15
github.com/phantom820/streams/streams/sequential_stream.go:326.33,328.3 1 86
github.com/phantom820/streams/streams/stream.go:39.114,40.24 1 3
github.com/phantom820/streams/streams/stream.go:43.2,43.25 1 2
github.com/phantom820/streams/streams/stream.go:46.2,46.61 1 1
github.com/phantom820/streams/streams/stream.go:40.24,41.94 1 1
github.com/phantom820/streams/streams/stream.go:43.25,45.3 1 1
github.com/phantom820/streams/streams/stream.go:52.70,53.24 1 3
github.com/phantom820/streams/streams/stream.go:56.2,56.25 1 2
github.com/phantom820/streams/streams/stream.go:59.2,59.47 1 1
github.com/phantom820/streams/streams/stream.go:53.24,54.89 1 1
github.com/phantom820/streams/streams/stream.go:56.25,58.3 1 1
github.com/phantom820/streams/streams/stream.go:66.83,67.24 1 3
github.com/phantom820/streams/streams/stream.go:70.2,70.25 1 2
github.com/phantom820/streams/streams/stream.go:73.2,73.53 1 1
github.com/phantom820/streams/streams/stream.go:67.24,68.90 1 1
github.com/phantom820/streams/streams/stream.go:70.25,72.3 1 1
github.com/phantom820/streams/streams/concurrent_stream.go:28.48,34.2 5 1019
github.com/phantom820/streams/streams/concurrent_stream.go:37.44,39.2 1 1016
github.com/phantom820/streams/streams/concurrent_stream.go:42.54,44.2 1 3
github.com/phantom820/streams/streams/concurrent_stream.go:47.54,49.2 1 4072
github.com/phantom820/streams/streams/concurrent_stream.go:52.50,54.2 1 3046
github.com/phantom820/streams/streams/concurrent_stream.go:57.59,58.25 1 2047
github.com/phantom820/streams/streams/concurrent_stream.go:65.2,65.18 1 2037
github.com/phantom820/streams/streams/concurrent_stream.go:58.25,61.3 2 9
github.com/phantom820/streams/streams/concurrent_stream.go:61.8,61.28 1 2038
github.com/phantom820/streams/streams/concurrent_stream.go:61.28,64.3 2 1
github.com/phantom820/streams/streams/concurrent_stream.go:69.72,71.2 1 54302
github.com/phantom820/streams/streams/concurrent_stream.go:75.121,81.31 4 9
github.com/phantom820/streams/streams/concurrent_stream.go:84.2,84.15 1 9
github.com/phantom820/streams/streams/concurrent_stream.go:81.31,81.77 1 78
github.com/phantom820/streams/streams/concurrent_stream.go:82.25,82.78 1 8
github.com/phantom820/streams/streams/concurrent_stream.go:89.77,94.31 3 5
github.com/phantom820/streams/streams/concurrent_stream.go:97.2,97.16 1 5
github.com/phantom820/streams/streams/concurrent_stream.go:94.31,94.77 1 29
github.com/phantom820/streams/streams/concurrent_stream.go:95.25,95.78 1 4
github.com/phantom820/streams/streams/concurrent_stream.go:101.90,105.31 2 1011
github.com/phantom820/streams/streams/concurrent_stream.go:108.2,108.15 1 1011
github.com/phantom820/streams/streams/concurrent_stream.go:105.31,105.77 1 57452
github.com/phantom820/streams/streams/concurrent_stream.go:106.25,106.78 1 1007
github.com/phantom820/streams/streams/concurrent_stream.go:113.90,114.41 1 5
github.com/phantom820/streams/streams/concurrent_stream.go:117.2,119.45 2 3
github.com/phantom820/streams/streams/concurrent_stream.go:131.2,131.19 1 3
github.com/phantom820/streams/streams/concurrent_stream.go:114.41,115.13 1 2
github.com/phantom820/streams/streams/concurrent_stream.go:119.45,121.11 2 24
github.com/phantom820/streams/streams/concurrent_stream.go:125.4,125.25 1 15
github.com/phantom820/streams/streams/concurrent_stream.go:121.11,124.5 2 9
github.com/phantom820/streams/streams/concurrent_stream.go:135.76,136.41 1 7
github.com/phantom820/streams/streams/concurrent_stream.go:139.2,141.35 2 6
github.com/phantom820/streams/streams/concurrent_stream.go:156.2,156.19 1 6
github.com/phantom820/streams/streams/concurrent_stream.go:136.41,137.13 1 1
github.com/phantom820/streams/streams/concurrent_stream.go:141.35,143.11 2 52
github.com/phantom820/streams/streams/concurrent_stream.go:150.4,150.24 1 26
github.com/phantom820/streams/streams/concurrent_stream.go:143.11,146.5 2 0
github.com/phantom820/streams/streams/concurrent_stream.go:146.10,146.26 1 52
github.com/phantom820/streams/streams/concurrent_stream.go:146.26,149.5 2 26
github.com/phantom820/streams/streams/concurrent_stream.go:160.68,161.41 1 1004
github.com/phantom820/streams/streams/concurrent_stream.go:166.2,170.35 4 1002
github.com/phantom820/streams/streams/concurrent_stream.go:193.2,193.19 1 1002
github.com/phantom820/streams/streams/concurrent_stream.go:161.41,162.13 1 1
github.com/phantom820/streams/streams/concurrent_stream.go:163.8,163.22 1 1003
github.com/phantom820/streams/streams/concurrent_stream.go:163.22,164.56 1 1
github.com/phantom820/streams/streams/concurrent_stream.go:170.35,174.11 4 54302
github.com/phantom820/streams/streams/concurrent_stream.go:174.11,176.5 1 3
github.com/phantom820/streams/streams/concurrent_stream.go:176.10,177.49 1 54299
github.com/phantom820/streams/streams/concurrent_stream.go:181.5,181.26 1 1760
github.com/phantom820/streams/streams/concurrent_stream.go:177.49,180.6 2 52539
github.com/phantom820/streams/streams/concurrent_stream.go:184.31,185.77 1 57306
github.com/phantom820/streams/streams/concurrent_stream.go:188.4,188.16 1 54302
github.com/phantom820/streams/streams/concurrent_stream.go:185.77,187.5 1 3004
github.com/phantom820/streams/streams/concurrent_stream.go:197.66,198.41 1 4
github.com/phantom820/streams/streams/concurrent_stream.go:203.2,207.35 4 2
github.com/phantom820/streams/streams/concurrent_stream.go:225.2,225.19 1 2
github.com/phantom820/streams/streams/concurrent_stream.go:198.41,199.13 1 1
github.com/phantom820/streams/streams/concurrent_stream.go:200.8,200.21 1 3
github.com/phantom820/streams/streams/concurrent_stream.go:200.21,201.54 1 1
github.com/phantom820/streams/streams/concurrent_stream.go:207.35,211.11 4 19
github.com/phantom820/streams/streams/concurrent_stream.go:211.11,213.5 1 1
github.com/phantom820/streams/streams/concurrent_stream.go:213.10,214.48 1 18
github.com/phantom820/streams/streams/concurrent_stream.go:218.5,218.25 1 14
github.com/phantom820/streams/streams/concurrent_stream.go:214.48,217.6 2 4
github.com/phantom820/streams/streams/concurrent_stream.go:229.110,230.41 1 4
github.com/phantom820/streams/streams/concurrent_stream.go:233.2,237.35 4 3
github.com/phantom820/streams/streams/concurrent_stream.go:254.2,254.19 1 3
github.com/phantom820/streams/streams/concurrent_stream.go:230.41,231.13 1 1
github.com/phantom820/streams/streams/concurrent_stream.go:237.35,241.11 4 30
github.com/phantom820/streams/streams/concurrent_stream.go:247.4,248.21 2 15
github.com/phantom820/streams/streams/concurrent_stream.go:241.11,243.5 1 1
github.com/phantom820/streams/streams/concurrent_stream.go:243.10,243.88 1 29
github.com/phantom820/streams/streams/concurrent_stream.go:243.88,246.5 2 14
github.com/phantom820/streams/streams/concurrent_stream.go:258.94,261.27 3 3024
github.com/phantom820/streams/streams/concurrent_stream.go:267.2,267.16 1 3024
github.com/phantom820/streams/streams/concurrent_stream.go:261.27,263.9 2 54383
github.com/phantom820/streams/streams/concurrent_stream.go:263.9,265.4 1 52591
github.com/phantom820/streams/streams/concurrent_stream.go:271.63,272.36 1 1014
github.com/phantom820/streams/streams/concurrent_stream.go:275.2,279.25 5 1012
github.com/phantom820/streams/streams/concurrent_stream.go:283.2,285.30 3 1012
github.com/phantom820/streams/streams/concurrent_stream.go:272.36,273.13 1 2
github.com/phantom820/streams/streams/concurrent_stream.go:279.25,282.3 2 3024
github.com/phantom820/streams/streams/concurrent_stream.go:285.30,286.34 1 3024
github.com/phantom820/streams/streams/concurrent_stream.go:286.34,288.4 1 52591
github.com/phantom820/streams/streams/concurrent_stream.go:293.92,296.27 3 12
github.com/phantom820/streams/streams/concurrent_stream.go:302.2,302.17 1 12
github.com/phantom820/streams/streams/concurrent_stream.go:296.27,298.9 2 37
github.com/phantom820/streams/streams/concurrent_stream.go:298.9,300.4 1 25
github.com/phantom820/streams/streams/concurrent_stream.go:306.48,307.36 1 6
github.com/phantom820/streams/streams/concurrent_stream.go:310.2,314.25 5 5
github.com/phantom820/streams/streams/concurrent_stream.go:318.2,321.30 4 5
github.com/phantom820/streams/streams/concurrent_stream.go:324.2,324.14 1 5
github.com/phantom820/streams/streams/concurrent_stream.go:307.36,308.13 1 1
github.com/phantom820/streams/streams/concurrent_stream.go:314.25,317.3 2 12
github.com/phantom820/streams/streams/concurrent_stream.go:321.30,323.3 1 12
github.com/phantom820/streams/streams/concurrent_stream.go:328.109,333.27 5 3
github.com/phantom820/streams/streams/concurrent_stream.go:354.2,354.15 1 3
github.com/phantom820/streams/streams/concurrent_stream.go:333.27,335.9 2 100
github.com/phantom820/streams/streams/concurrent_stream.go:335.9,336.17 1 100
github.com/phantom820/streams/streams/concurrent_stream.go:351.4,351.11 1 100
github.com/phantom820/streams/streams/concurrent_stream.go:337.11,339.10 2 3
github.com/phantom820/streams/streams/concurrent_stream.go:340.11,343.10 3 3
github.com/phantom820/streams/streams/concurrent_stream.go:344.11,346.10 2 3
github.com/phantom820/streams/streams/concurrent_stream.go:347.12,349.10 2 91
github.com/phantom820/streams/streams/concurrent_stream.go:354.15,356.3 1 3
github.com/phantom820/streams/streams/concurrent_stream.go:361.71,362.36 1 3
github.com/phantom820/streams/streams/concurrent_stream.go:365.2,369.25 5 2
github.com/phantom820/streams/streams/concurrent_stream.go:373.2,377.30 5 2
github.com/phantom820/streams/streams/concurrent_stream.go:386.2,386.16 1 2
github.com/phantom820/streams/streams/concurrent_stream.go:390.2,390.16 1 1
github.com/phantom820/streams/streams/concurrent_stream.go:362.36,363.13 1 1
github.com/phantom820/streams/streams/concurrent_stream.go:369.25,372.3 2 3
github.com/phantom820/streams/streams/concurrent_stream.go:377.30,378.17 1 3
github.com/phantom820/streams/streams/concurrent_stream.go:384.3,384.10 1 3
github.com/phantom820/streams/streams/concurrent_stream.go:378.17,380.4 1 1
github.com/phantom820/streams/streams/concurrent_stream.go:380.9,383.4 2 2
github.com/phantom820/streams/streams/concurrent_stream.go:386.16,389.3 2 1
github.com/phantom820/streams/streams/concurrent_stream.go:394.50,396.33 2 1011
github.com/phantom820/streams/streams/concurrent_stream.go:399.2,399.14 1 1010
github.com/phantom820/streams/streams/concurrent_stream.go:396.33,398.3 1 52581
